2016-12-20 13:20:06,950 INFO  [org.alfresco.web.config.packaging.ModulePackageManager] [localhost-startStop-1] Found 2 module package(s)
2016-12-20 13:20:06,957 INFO  [org.alfresco.web.config.packaging.ModulePackageManager] [localhost-startStop-1] signon-share AMP project, 1.0, Manages the lifecycle of the signon-share AMP (Alfresco Module Package)
signon-share AMP project, 1.0, Manages the lifecycle of the signon-share AMP (Alfresco Module Package)

2016-12-20 13:20:08,339 INFO  [org.springframework.extensions.webscripts.TemplateProcessorRegistry] [localhost-startStop-1] Registered template processor freemarker for extension ftl
2016-12-20 13:20:08,345 INFO  [org.springframework.extensions.webscripts.ScriptProcessorRegistry] [localhost-startStop-1] Registered script processor javascript for extension js
2016-12-20 13:20:08,346 INFO  [org.springframework.extensions.webscripts.TemplateProcessorRegistry] [localhost-startStop-1] Registered template processor freemarker for extension ftl
2016-12-20 13:20:08,348 INFO  [org.springframework.extensions.webscripts.ScriptProcessorRegistry] [localhost-startStop-1] Registered script processor javascript for extension js
2016-12-20 13:20:22,120 INFO  [org.springframework.extensions.webscripts.DeclarativeRegistry] [localhost-startStop-1] Registered 383 Web Scripts (+0 failed), 401 URLs
2016-12-20 13:20:22,120 INFO  [org.springframework.extensions.webscripts.DeclarativeRegistry] [localhost-startStop-1] Registered 8 Package Description Documents (+0 failed) 
2016-12-20 13:20:22,120 INFO  [org.springframework.extensions.webscripts.DeclarativeRegistry] [localhost-startStop-1] Registered 0 Schema Description Documents (+0 failed) 
2016-12-20 13:20:22,320 INFO  [org.springframework.extensions.webscripts.AbstractRuntimeContainer] [localhost-startStop-1] Initialised Spring Surf Container Web Script Container (in 13939.773ms)
2016-12-20 13:20:22,324 INFO  [org.springframework.extensions.webscripts.TemplateProcessorRegistry] [localhost-startStop-1] Registered template processor freemarker for extension ftl
2016-12-20 13:20:22,326 INFO  [org.springframework.extensions.webscripts.ScriptProcessorRegistry] [localhost-startStop-1] Registered script processor javascript for extension js
2016-12-20 13:20:22,570 WARN  [org.apache.myfaces.shared_impl.util.LocaleUtils] [localhost-startStop-1] Locale name in faces-config.xml null or empty, setting locale to default locale : fr_FR
2016-12-20 13:21:03,169 INFO  [org.alfresco.web.site.EditionInterceptor] [http-bio-8081-exec-1] Successfully retrieved license information from Alfresco.
2016-12-20 16:57:54,356 INFO  [org.alfresco.web.config.packaging.ModulePackageManager] [localhost-startStop-1] Found 2 module package(s)
2016-12-20 16:57:54,359 INFO  [org.alfresco.web.config.packaging.ModulePackageManager] [localhost-startStop-1] signon-share AMP project, 1.0, Manages the lifecycle of the signon-share AMP (Alfresco Module Package)
signon-share AMP project, 1.0, Manages the lifecycle of the signon-share AMP (Alfresco Module Package)

2016-12-20 16:57:55,472 INFO  [org.springframework.extensions.webscripts.TemplateProcessorRegistry] [localhost-startStop-1] Registered template processor freemarker for extension ftl
2016-12-20 16:57:55,482 INFO  [org.springframework.extensions.webscripts.ScriptProcessorRegistry] [localhost-startStop-1] Registered script processor javascript for extension js
2016-12-20 16:57:55,483 INFO  [org.springframework.extensions.webscripts.TemplateProcessorRegistry] [localhost-startStop-1] Registered template processor freemarker for extension ftl
2016-12-20 16:57:55,485 INFO  [org.springframework.extensions.webscripts.ScriptProcessorRegistry] [localhost-startStop-1] Registered script processor javascript for extension js
2016-12-20 16:58:08,396 INFO  [org.springframework.extensions.webscripts.DeclarativeRegistry] [localhost-startStop-1] Registered 383 Web Scripts (+0 failed), 401 URLs
2016-12-20 16:58:08,397 INFO  [org.springframework.extensions.webscripts.DeclarativeRegistry] [localhost-startStop-1] Registered 8 Package Description Documents (+0 failed) 
2016-12-20 16:58:08,397 INFO  [org.springframework.extensions.webscripts.DeclarativeRegistry] [localhost-startStop-1] Registered 0 Schema Description Documents (+0 failed) 
2016-12-20 16:58:08,571 INFO  [org.springframework.extensions.webscripts.AbstractRuntimeContainer] [localhost-startStop-1] Initialised Spring Surf Container Web Script Container (in 13047.8545ms)
2016-12-20 16:58:08,576 INFO  [org.springframework.extensions.webscripts.TemplateProcessorRegistry] [localhost-startStop-1] Registered template processor freemarker for extension ftl
2016-12-20 16:58:08,594 INFO  [org.springframework.extensions.webscripts.ScriptProcessorRegistry] [localhost-startStop-1] Registered script processor javascript for extension js
2016-12-20 16:58:08,804 WARN  [org.apache.myfaces.shared_impl.util.LocaleUtils] [localhost-startStop-1] Locale name in faces-config.xml null or empty, setting locale to default locale : fr_FR
2016-12-20 16:58:48,525 INFO  [org.alfresco.web.site.EditionInterceptor] [http-bio-8081-exec-2] Successfully retrieved license information from Alfresco.
